<?xml version="1.0" encoding="UTF-8"?>
<!-- Generated by org.testng.reporters.JUnitReportReporter -->
<testsuite skipped="0" hostname="Training1" name="us.piit.purchase.TestPurchase" tests="1" failures="0" timestamp="2022-02-12T20:10:48 EST" time="26.298" errors="0">
  <testcase name="addToCartAndCheckItem" time="26.298" classname="us.piit.purchase.TestPurchase"/>
  <system-out/>
</testsuite> <!-- us.piit.purchase.TestPurchase -->
