<?xml version="1.0" encoding="UTF-8"?>
<!-- Generated by org.testng.reporters.JUnitReportReporter -->
<testsuite skipped="0" hostname="Training1" name="us.piit.login.TestLogin" tests="1" failures="0" timestamp="2022-02-12T18:51:39 EST" time="16.570" errors="0">
  <testcase name="loginWithInvalidEmail" time="16.570" classname="us.piit.login.TestLogin"/>
  <system-out/>
</testsuite> <!-- us.piit.login.TestLogin -->
