<?xml version="1.0" encoding="UTF-8"?>
<!-- Generated by org.testng.reporters.JUnitReportReporter -->
<testsuite skipped="0" hostname="Training1" name="us.piit.search.TestSearchMultipleItems" tests="1" failures="0" timestamp="2022-02-13T17:34:36 EST" time="31.546" errors="0">
  <testcase name="searchItems" time="31.546" classname="us.piit.search.TestSearchMultipleItems"/>
  <system-out/>
</testsuite> <!-- us.piit.search.TestSearchMultipleItems -->
