<?xml version="1.0" encoding="UTF-8"?>
<!-- Generated by org.testng.reporters.JUnitReportReporter -->
<testsuite skipped="0" hostname="Training1" name="us.piit.search.TestSearchSingleItem" tests="3" failures="0" timestamp="2022-02-12T17:26:54 EST" time="41.809" errors="0">
  <testcase name="searchJavaBook" time="12.958" classname="us.piit.search.TestSearchSingleItem"/>
  <system-out/>
  <testcase name="searchSeleniumBook" time="13.169" classname="us.piit.search.TestSearchSingleItem"/>
  <system-out/>
  <testcase name="searchComputer" time="15.682" classname="us.piit.search.TestSearchSingleItem"/>
  <system-out/>
</testsuite> <!-- us.piit.search.TestSearchSingleItem -->
