<?xml version="1.0" encoding="UTF-8"?>
<!-- Generated by org.testng.reporters.JUnitReportReporter -->
<testsuite skipped="0" hostname="Training1" name="us.piit.search.TestSearchSingleItem" tests="3" failures="0" timestamp="2022-02-20T15:34:00 EST" time="71.590" errors="0">
  <testcase name="searchComputer" time="37.604" classname="us.piit.search.TestSearchSingleItem"/>
  <system-out/>
  <testcase name="searchJavaBook" time="16.203" classname="us.piit.search.TestSearchSingleItem"/>
  <system-out/>
  <testcase name="searchSeleniumBook" time="17.783" classname="us.piit.search.TestSearchSingleItem"/>
  <system-out/>
</testsuite> <!-- us.piit.search.TestSearchSingleItem -->
